Arguments: 
  /Users/macbook-estagio/.nvm/versions/node/v10.16.2/bin/node /usr/local/Cellar/yarn/1.22.4/libexec/bin/yarn.js add corns

PATH: 
  /Users/macbook-estagio/Library/Android/sdk/platform-tools:/Users/macbook-estagio/.nvm/versions/node/v10.16.2/bin:/usr/local/bin:/usr/bin:/bin:/usr/sbin:/sbin:/Users/macbook-estagio/Library/Android/sdk/platform-tools:/Users/macbook-estagio/Library/Android/sdk/tools:/Users/macbook-estagio/Development/gradle-2.2.1/bin/:/Users/macbook-estagio/Desktop/MATHEUS/ESTUDO/BANCO_DE_DADOS/cursoMongoDB/mongodb-macos-x86_64-4.2.3/bin:/Users/macbook-estagio/Library/Android/sdk/tools:/Users/macbook-estagio/Development/gradle-2.2.1/bin/:/Users/macbook-estagio/Desktop/MATHEUS/ESTUDO/BANCO_DE_DADOS/cursoMongoDB/mongodb-macos-x86_64-4.2.3/bin

Yarn version: 
  1.22.4

Node version: 
  10.16.2

Platform: 
  darwin x64

Trace: 
  Error: https://registry.yarnpkg.com/corns: Not found
      at Request.params.callback [as _callback] (/usr/local/Cellar/yarn/1.22.4/libexec/lib/cli.js:66987:18)
      at Request.self.callback (/usr/local/Cellar/yarn/1.22.4/libexec/lib/cli.js:140748:22)
      at Request.emit (events.js:198:13)
      at Request.<anonymous> (/usr/local/Cellar/yarn/1.22.4/libexec/lib/cli.js:141720:10)
      at Request.emit (events.js:198:13)
      at IncomingMessage.<anonymous> (/usr/local/Cellar/yarn/1.22.4/libexec/lib/cli.js:141642:12)
      at Object.onceWrapper (events.js:286:20)
      at IncomingMessage.emit (events.js:203:15)
      at endReadableNT (_stream_readable.js:1145:12)
      at process._tickCallback (internal/process/next_tick.js:63:19)

npm manifest: 
  {
    "name": "server",
    "version": "1.0.0",
    "description": "",
    "main": "index.js",
    "scripts": {
      "test": "echo \"Error: no test specified\" && exit 1",
      "start": "tsnd --transpile-only --ignore-watch node_modules --respawn src/server.ts",
      "knex:migrate": "knex --knexfile knexfile.ts migrate:latest",
      "knex:migrate:rollback": "knex --knexfile knexfile.ts migrate:rollback"
    },
    "keywords": [],
    "author": "",
    "license": "ISC",
    "devDependencies": {
      "@types/express": "^4.17.7",
      "ts-node-dev": "^1.0.0-pre.56",
      "typescript": "^3.9.7"
    },
    "dependencies": {
      "express": "^4.17.1",
      "knex": "^0.21.2",
      "sqlite3": "^5.0.0"
    }
  }

yarn manifest: 
  No manifest

Lockfile: 
  No lockfile
